#
# A fatal error has been detected by the Java Runtime Environment:
#
#  Internal Error (javaClasses.cpp:124), pid=4928, tid=4256
#  fatal error: Invalid layout of preloaded class
#
# JRE version:  (8.0-b113) (build )
# Java VM: Java HotSpot(TM) 64-Bit Server VM (25.0-b55 mixed mode windows-amd64 compressed oops)
# Failed to write core dump. Minidumps are not enabled by default on client versions of Windows
#
# If you would like to submit a bug report, please visit:
#   http://bugreport.sun.com/bugreport/crash.jsp
#

---------------  T H R E A D  ---------------

Current thread (0x0000000002c90800):  JavaThread "Unknown thread" [_thread_in_vm, id=4256, stack(0x0000000002af0000,0x0000000002bf0000)]

Stack: [0x0000000002af0000,0x0000000002bf0000]
[error occurred during error reporting (printing stack bounds), id 0xc0000005]

Native frames: (J=compiled Java code, j=interpreted, Vv=VM code, C=native code)
V  [jvm.dll+0x3058da]
V  [jvm.dll+0x25ae41]
V  [jvm.dll+0x25ba5f]
V  [jvm.dll+0x27b764]
C  [KERNELBASE.dll+0xdcfc6]
C  [ntdll.dll+0xa6b14]
C  [ntdll.dll+0x8831f]
C  [ntdll.dll+0x9921d]
C  [ntdll.dll+0x55b5b]
C  [ntdll.dll+0x983de]
V  [jvm.dll+0x1fb111]


---------------  P R O C E S S  ---------------

Java Threads: ( => current thread )

Other Threads:

=>0x0000000002c90800 (exited) JavaThread "Unknown thread" [_thread_in_vm, id=4256, stack(0x0000000002af0000,0x0000000002bf0000)]

VM state:not at safepoint (not fully initialized)

VM Mutex/Monitor currently owned by a thread: None

GC Heap History (0 events):
No events

Deoptimization events (0 events):
No events

Internal exceptions (0 events):
No events

Events (10 events):
Event: 0.023 loading class java/lang/CharSequence done
Event: 0.023 loading class java/lang/String done
Event: 0.023 loading class java/lang/Class
Event: 0.023 loading class java/lang/reflect/AnnotatedElement
Event: 0.024 loading class java/lang/reflect/AnnotatedElement done
Event: 0.024 loading class java/lang/reflect/GenericDeclaration
Event: 0.024 loading class java/lang/reflect/GenericDeclaration done
Event: 0.024 loading class java/lang/reflect/Type
Event: 0.024 loading class java/lang/reflect/Type done
Event: 0.024 loading class java/lang/Class done


Dynamic libraries:
0x00007ff77c230000 - 0x00007ff77c264000 	C:\Program Files\Java\jre8\bin\javaw.exe
0x00007ffbe6190000 - 0x00007ffbe6339000 	C:\Windows\SYSTEM32\ntdll.dll
0x00007ffbe47b0000 - 0x00007ffbe48e9000 	C:\Windows\system32\KERNEL32.DLL
0x00007ffbe35e0000 - 0x00007ffbe36ee000 	C:\Windows\system32\KERNELBASE.dll
0x00007ffbe1f30000 - 0x00007ffbe1fbb000 	C:\Windows\system32\apphelp.dll
0x00007ffbd2ca0000 - 0x00007ffbd2cef000 	C:\Windows\AppPatch\AppPatch64\AcGenral.DLL
0x00007ffbe3eb0000 - 0x00007ffbe3f57000 	C:\Windows\system32\msvcrt.dll
0x00007ffbe33c0000 - 0x00007ffbe33eb000 	C:\Windows\SYSTEM32\SspiCli.dll
0x00007ffbe40c0000 - 0x00007ffbe4111000 	C:\Windows\system32\SHLWAPI.dll
0x00007ffbe3d30000 - 0x00007ffbe3ea1000 	C:\Windows\system32\USER32.dll
0x00007ffbe3a60000 - 0x00007ffbe3bd6000 	C:\Windows\system32\ole32.dll
0x00007ffbe48f0000 - 0x00007ffbe5cff000 	C:\Windows\system32\SHELL32.dll
0x00007ffbe2ba0000 - 0x00007ffbe2bbf000 	C:\Windows\SYSTEM32\USERENV.dll
0x00007ffbe60c0000 - 0x00007ffbe6165000 	C:\Windows\system32\ADVAPI32.dll
0x00007ffbdca70000 - 0x00007ffbdca8b000 	C:\Windows\SYSTEM32\MPR.dll
0x00007ffbe3be0000 - 0x00007ffbe3d16000 	C:\Windows\system32\RPCRT4.dll
0x00007ffbe4180000 - 0x00007ffbe41d7000 	C:\Windows\SYSTEM32\sechost.dll
0x00007ffbe5d00000 - 0x00007ffbe5ed7000 	C:\Windows\SYSTEM32\combase.dll
0x00007ffbe44a0000 - 0x00007ffbe45e5000 	C:\Windows\system32\GDI32.dll
0x00007ffbe3510000 - 0x00007ffbe3524000 	C:\Windows\SYSTEM32\profapi.dll
0x00007ffbe1b50000 - 0x00007ffbe1bf1000 	C:\Windows\SYSTEM32\SHCORE.dll
0x00007ffbe3a20000 - 0x00007ffbe3a54000 	C:\Windows\system32\IMM32.DLL
0x00007ffbe3f60000 - 0x00007ffbe4098000 	C:\Windows\system32\MSCTF.dll
0x00007ffbe0b10000 - 0x00007ffbe0d6a000 	C:\Windows\WinSxS\amd64_microsoft.windows.common-controls_6595b64144ccf1df_6.0.9600.16384_none_62475f7becb72503\COMCTL32.dll
0x0000000051080000 - 0x0000000051152000 	C:\Program Files\Java\jre8\bin\msvcr100.dll
0x0000000050860000 - 0x0000000051079000 	C:\Program Files\Java\jre8\bin\server\jvm.dll
0x00007ffbda6b0000 - 0x00007ffbda6b9000 	C:\Windows\SYSTEM32\WSOCK32.dll
0x00007ffbdba60000 - 0x00007ffbdba7f000 	C:\Windows\SYSTEM32\WINMM.dll
0x00007ffbe45f0000 - 0x00007ffbe45f7000 	C:\Windows\system32\PSAPI.DLL
0x00007ffbe41e0000 - 0x00007ffbe4238000 	C:\Windows\system32\WS2_32.dll
0x00007ffbdba00000 - 0x00007ffbdba2a000 	C:\Windows\SYSTEM32\WINMMBASE.dll
0x00007ffbe3d20000 - 0x00007ffbe3d29000 	C:\Windows\system32\NSI.dll
0x00007ffbe39d0000 - 0x00007ffbe3a1a000 	C:\Windows\SYSTEM32\cfgmgr32.dll
0x00007ffbe2330000 - 0x00007ffbe2356000 	C:\Windows\SYSTEM32\DEVOBJ.dll
0x0000000050850000 - 0x000000005085f000 	C:\Program Files\Java\jre8\bin\verify.dll
0x0000000050820000 - 0x0000000050848000 	C:\Program Files\Java\jre8\bin\java.dll
0x0000000050800000 - 0x0000000050816000 	C:\Program Files\Java\jre8\bin\zip.dll
0x00007ffbe1d70000 - 0x00007ffbe1ef8000 	C:\Windows\SYSTEM32\dbghelp.dll

VM Arguments:
jvm_args: -Dfile.encoding=UTF-8 -Xbootclasspath:D:\Android\android-studio\sdk\platforms\android-18\android.jar 
java_command: com.example.vcf_test.WriteExample
java_class_path (initial): D:\Android\workspace\VCF_TEST\bin\classes;D:\Android\workspace\VCF_TEST\libs\commons-codec-1.4.jar;D:\Android\workspace\VCF_TEST\libs\android-support-v4.jar
Launcher Type: SUN_STANDARD

Environment Variables:
JAVA_HOME=C:\Program Files\Java\jdk1.8.0
PATH=C:\Program Files (x86)\NVIDIA Corporation\PhysX\Common;C:\Windows\system32;C:\Windows;C:\Windows\System32\Wbem;C:\Windows\System32\WindowsPowerShell\v1.0\;C:\Program Files (x86)\ATI Technologies\ATI.ACE\Core-Static;C:\Program Files\TortoiseGit\bin;C:\Program Files\Java\jdk1.8.0\bin
USERNAME=win_amaker
OS=Windows_NT
PROCESSOR_IDENTIFIER=Intel64 Family 6 Model 23 Stepping 10, GenuineIntel



---------------  S Y S T E M  ---------------

OS: Windows 8.1 , 64 bit Build 9600 

CPU:total 2 (2 cores per cpu, 1 threads per core) family 6 model 23 stepping 10, cmov, cx8, fxsr, mmx, sse, sse2, sse3, ssse3, sse4.1, tsc

Memory: 4k page, physical 4190568k(1886588k free), swap 4911464k(1989776k free)

vm_info: Java HotSpot(TM) 64-Bit Server VM (25.0-b55) for windows-amd64 JRE (1.8.0-ea-b113), built on Oct 24 2013 10:27:42 by "java_re" with MS VC++ 10.0 (VS2010)

time: Wed Dec 18 16:31:47 2013
elapsed time: 0 seconds

